c:\users\23171\source\repos\问题求解大作业 - 2.0\x64\debug\vc143.pdb
c:\users\23171\source\repos\问题求解大作业 - 2.0\x64\debug\vc143.idb
c:\users\23171\source\repos\问题求解大作业 - 2.0\x64\debug\项目.obj
c:\users\23171\source\repos\问题求解大作业 - 2.0\x64\debug\界面.obj
c:\users\23171\source\repos\问题求解大作业 - 2.0\x64\debug\pk.obj
c:\users\23171\source\repos\问题求解大作业 - 2.0\x64\debug\黑帮.obj
c:\users\23171\source\repos\问题求解大作业 - 2.0\x64\debug\音乐.obj
c:\users\23171\source\repos\问题求解大作业 - 2.0\x64\debug\老油条.obj
c:\users\23171\source\repos\问题求解大作业 - 2.0\x64\debug\福尔摩斯.obj
c:\users\23171\source\repos\问题求解大作业 - 2.0\x64\debug\小红.obj
c:\users\23171\source\repos\问题求解大作业 - 2.0\x64\debug\复读机.obj
c:\users\23171\source\repos\问题求解大作业 - 2.0\x64\debug\函数.obj
c:\users\23171\source\repos\问题求解大作业 - 2.0\x64\debug\问题求解大作业.exe
c:\users\23171\source\repos\问题求解大作业 - 2.0\x64\debug\问题求解大作业.ilk
c:\users\23171\source\repos\问题求解大作业 - 2.0\x64\debug\问题求解大作业.pdb
c:\users\23171\source\repos\问题求解大作业 - 2.0\x64\debug\分数计算.obj
c:\users\23171\source\repos\问题求解大作业 - 2.0\x64\debug\图片.obj
c:\users\23171\source\repos\问题求解大作业 - 2.0\x64\debug\函数.obj.enc
c:\users\23171\source\repos\问题求解大作业 - 2.0\x64\debug\复读机.obj.enc
c:\users\23171\source\repos\问题求解大作业 - 2.0\x64\debug\小红.obj.enc
c:\users\23171\source\repos\问题求解大作业 - 2.0\x64\debug\界面.obj.enc
c:\users\23171\source\repos\问题求解大作业 - 2.0\x64\debug\福尔摩斯.obj.enc
c:\users\23171\source\repos\问题求解大作业 - 2.0\x64\debug\老油条.obj.enc
c:\users\23171\source\repos\问题求解大作业 - 2.0\x64\debug\音乐.obj.enc
c:\users\23171\source\repos\问题求解大作业 - 2.0\x64\debug\项目.obj.enc
c:\users\23171\source\repos\问题求解大作业 - 2.0\x64\debug\黑帮.obj.enc
c:\users\23171\source\repos\问题求解大作业 - 2.0\x64\debug\问题求解大作业.tlog\cl.command.1.tlog
c:\users\23171\source\repos\问题求解大作业 - 2.0\x64\debug\问题求解大作业.tlog\cl.items.tlog
c:\users\23171\source\repos\问题求解大作业 - 2.0\x64\debug\问题求解大作业.tlog\cl.read.1.tlog
c:\users\23171\source\repos\问题求解大作业 - 2.0\x64\debug\问题求解大作业.tlog\cl.write.1.tlog
c:\users\23171\source\repos\问题求解大作业 - 2.0\x64\debug\问题求解大作业.tlog\link.command.1.tlog
c:\users\23171\source\repos\问题求解大作业 - 2.0\x64\debug\问题求解大作业.tlog\link.read.1.tlog
c:\users\23171\source\repos\问题求解大作业 - 2.0\x64\debug\问题求解大作业.tlog\link.write.1.tlog
